
  You can now view your Streamlit app in your browser.

  Local URL: http://localhost:8502
  Network URL: http://172.16.21.100:8502

2026-01-18 13:15:05.225 The `use_column_width` parameter has been deprecated and will be removed in a future release. Please utilize the `width` parameter instead.
2026-01-18 13:15:05.239 The `use_column_width` parameter has been deprecated and will be removed in a future release. Please utilize the `width` parameter instead.
2026-01-18 13:15:08.848 The `use_column_width` parameter has been deprecated and will be removed in a future release. Please utilize the `width` parameter instead.
2026-01-18 13:15:08.849 The `use_column_width` parameter has been deprecated and will be removed in a future release. Please utilize the `width` parameter instead.
2026-01-18 13:15:19.009 The `use_column_width` parameter has been deprecated and will be removed in a future release. Please utilize the `width` parameter instead.
2026-01-18 13:15:19.011 The `use_column_width` parameter has been deprecated and will be removed in a future release. Please utilize the `width` parameter instead.
2026-01-18 13:15:19.085 The `use_column_width` parameter has been deprecated and will be removed in a future release. Please utilize the `width` parameter instead.
2026-01-18 13:15:19.089 The `use_column_width` parameter has been deprecated and will be removed in a future release. Please utilize the `width` parameter instead.
2026-01-18 13:15:19.120 The `use_column_width` parameter has been deprecated and will be removed in a future release. Please utilize the `width` parameter instead.
2026-01-18 13:15:19.121 The `use_column_width` parameter has been deprecated and will be removed in a future release. Please utilize the `width` parameter instead.
2026-01-18 13:37:40.186 The `use_column_width` parameter has been deprecated and will be removed in a future release. Please utilize the `width` parameter instead.
2026-01-18 13:37:40.188 The `use_column_width` parameter has been deprecated and will be removed in a future release. Please utilize the `width` parameter instead.
2026-01-18 13:37:40.271 The `use_column_width` parameter has been deprecated and will be removed in a future release. Please utilize the `width` parameter instead.
2026-01-18 13:37:40.274 The `use_column_width` parameter has been deprecated and will be removed in a future release. Please utilize the `width` parameter instead.
2026-01-18 13:37:40.317 The `use_column_width` parameter has been deprecated and will be removed in a future release. Please utilize the `width` parameter instead.
2026-01-18 13:37:40.318 The `use_column_width` parameter has been deprecated and will be removed in a future release. Please utilize the `width` parameter instead.
2026-01-18 13:38:46.343 The `use_column_width` parameter has been deprecated and will be removed in a future release. Please utilize the `width` parameter instead.
2026-01-18 13:38:46.344 The `use_column_width` parameter has been deprecated and will be removed in a future release. Please utilize the `width` parameter instead.
2026-01-18 13:38:46.423 The `use_column_width` parameter has been deprecated and will be removed in a future release. Please utilize the `width` parameter instead.
2026-01-18 13:38:46.426 The `use_column_width` parameter has been deprecated and will be removed in a future release. Please utilize the `width` parameter instead.
2026-01-18 13:38:46.468 The `use_column_width` parameter has been deprecated and will be removed in a future release. Please utilize the `width` parameter instead.
2026-01-18 13:38:46.469 The `use_column_width` parameter has been deprecated and will be removed in a future release. Please utilize the `width` parameter instead.
2026-01-18 13:39:22.228 The `use_column_width` parameter has been deprecated and will be removed in a future release. Please utilize the `width` parameter instead.
2026-01-18 13:39:22.230 The `use_column_width` parameter has been deprecated and will be removed in a future release. Please utilize the `width` parameter instead.
2026-01-18 13:39:22.330 The `use_column_width` parameter has been deprecated and will be removed in a future release. Please utilize the `width` parameter instead.
2026-01-18 13:39:22.331 The `use_column_width` parameter has been deprecated and will be removed in a future release. Please utilize the `width` parameter instead.
2026-01-18 13:39:22.365 The `use_column_width` parameter has been deprecated and will be removed in a future release. Please utilize the `width` parameter instead.
2026-01-18 13:39:22.366 The `use_column_width` parameter has been deprecated and will be removed in a future release. Please utilize the `width` parameter instead.
2026-01-18 13:40:00.557 The `use_column_width` parameter has been deprecated and will be removed in a future release. Please utilize the `width` parameter instead.
2026-01-18 13:40:00.559 The `use_column_width` parameter has been deprecated and will be removed in a future release. Please utilize the `width` parameter instead.
2026-01-18 13:40:00.644 The `use_column_width` parameter has been deprecated and will be removed in a future release. Please utilize the `width` parameter instead.
2026-01-18 13:40:00.645 The `use_column_width` parameter has been deprecated and will be removed in a future release. Please utilize the `width` parameter instead.
2026-01-18 13:40:00.682 The `use_column_width` parameter has been deprecated and will be removed in a future release. Please utilize the `width` parameter instead.
2026-01-18 13:40:00.683 The `use_column_width` parameter has been deprecated and will be removed in a future release. Please utilize the `width` parameter instead.
2026-01-18 13:40:32.117 The `use_column_width` parameter has been deprecated and will be removed in a future release. Please utilize the `width` parameter instead.
2026-01-18 13:40:32.120 The `use_column_width` parameter has been deprecated and will be removed in a future release. Please utilize the `width` parameter instead.
2026-01-18 13:40:32.160 The `use_column_width` parameter has been deprecated and will be removed in a future release. Please utilize the `width` parameter instead.
2026-01-18 13:40:32.161 The `use_column_width` parameter has been deprecated and will be removed in a future release. Please utilize the `width` parameter instead.
2026-01-18 13:40:39.499 The `use_column_width` parameter has been deprecated and will be removed in a future release. Please utilize the `width` parameter instead.
2026-01-18 13:40:39.501 The `use_column_width` parameter has been deprecated and will be removed in a future release. Please utilize the `width` parameter instead.
2026-01-18 13:40:39.545 The `use_column_width` parameter has been deprecated and will be removed in a future release. Please utilize the `width` parameter instead.
2026-01-18 13:40:39.567 The `use_column_width` parameter has been deprecated and will be removed in a future release. Please utilize the `width` parameter instead.
2026-01-18 13:41:30.537 The `use_column_width` parameter has been deprecated and will be removed in a future release. Please utilize the `width` parameter instead.
2026-01-18 13:41:30.565 The `use_column_width` parameter has been deprecated and will be removed in a future release. Please utilize the `width` parameter instead.
2026-01-18 13:41:30.618 The `use_column_width` parameter has been deprecated and will be removed in a future release. Please utilize the `width` parameter instead.
2026-01-18 13:41:30.639 The `use_column_width` parameter has been deprecated and will be removed in a future release. Please utilize the `width` parameter instead.
2026-01-18 13:41:30.689 The `use_column_width` parameter has been deprecated and will be removed in a future release. Please utilize the `width` parameter instead.
2026-01-18 13:41:30.706 The `use_column_width` parameter has been deprecated and will be removed in a future release. Please utilize the `width` parameter instead.
2026-01-18 13:41:37.626 The `use_column_width` parameter has been deprecated and will be removed in a future release. Please utilize the `width` parameter instead.
2026-01-18 13:41:37.645 The `use_column_width` parameter has been deprecated and will be removed in a future release. Please utilize the `width` parameter instead.
2026-01-18 13:41:37.693 The `use_column_width` parameter has been deprecated and will be removed in a future release. Please utilize the `width` parameter instead.
2026-01-18 13:41:37.710 The `use_column_width` parameter has been deprecated and will be removed in a future release. Please utilize the `width` parameter instead.
2026-01-18 13:41:49.580 The `use_column_width` parameter has been deprecated and will be removed in a future release. Please utilize the `width` parameter instead.
2026-01-18 13:41:49.596 The `use_column_width` parameter has been deprecated and will be removed in a future release. Please utilize the `width` parameter instead.
2026-01-18 13:41:49.643 The `use_column_width` parameter has been deprecated and will be removed in a future release. Please utilize the `width` parameter instead.
2026-01-18 13:41:49.643 The `use_column_width` parameter has been deprecated and will be removed in a future release. Please utilize the `width` parameter instead.
2026-01-18 13:42:30.393 The `use_column_width` parameter has been deprecated and will be removed in a future release. Please utilize the `width` parameter instead.
2026-01-18 13:42:30.394 The `use_column_width` parameter has been deprecated and will be removed in a future release. Please utilize the `width` parameter instead.
2026-01-18 13:42:30.482 The `use_column_width` parameter has been deprecated and will be removed in a future release. Please utilize the `width` parameter instead.
2026-01-18 13:42:30.483 The `use_column_width` parameter has been deprecated and will be removed in a future release. Please utilize the `width` parameter instead.
2026-01-18 13:42:30.516 The `use_column_width` parameter has been deprecated and will be removed in a future release. Please utilize the `width` parameter instead.
2026-01-18 13:42:30.516 The `use_column_width` parameter has been deprecated and will be removed in a future release. Please utilize the `width` parameter instead.
2026-01-18 13:43:06.360 The `use_column_width` parameter has been deprecated and will be removed in a future release. Please utilize the `width` parameter instead.
2026-01-18 13:43:06.362 The `use_column_width` parameter has been deprecated and will be removed in a future release. Please utilize the `width` parameter instead.
2026-01-18 13:43:06.463 The `use_column_width` parameter has been deprecated and will be removed in a future release. Please utilize the `width` parameter instead.
2026-01-18 13:43:06.465 The `use_column_width` parameter has been deprecated and will be removed in a future release. Please utilize the `width` parameter instead.
2026-01-18 13:43:06.501 The `use_column_width` parameter has been deprecated and will be removed in a future release. Please utilize the `width` parameter instead.
2026-01-18 13:43:06.502 The `use_column_width` parameter has been deprecated and will be removed in a future release. Please utilize the `width` parameter instead.
2026-01-18 13:43:45.422 The `use_column_width` parameter has been deprecated and will be removed in a future release. Please utilize the `width` parameter instead.
2026-01-18 13:43:45.424 The `use_column_width` parameter has been deprecated and will be removed in a future release. Please utilize the `width` parameter instead.
2026-01-18 13:43:45.519 The `use_column_width` parameter has been deprecated and will be removed in a future release. Please utilize the `width` parameter instead.
2026-01-18 13:43:45.521 The `use_column_width` parameter has been deprecated and will be removed in a future release. Please utilize the `width` parameter instead.
2026-01-18 13:43:45.553 The `use_column_width` parameter has been deprecated and will be removed in a future release. Please utilize the `width` parameter instead.
2026-01-18 13:43:45.554 The `use_column_width` parameter has been deprecated and will be removed in a future release. Please utilize the `width` parameter instead.
2026-01-18 13:44:28.730 The `use_column_width` parameter has been deprecated and will be removed in a future release. Please utilize the `width` parameter instead.
2026-01-18 13:44:28.732 The `use_column_width` parameter has been deprecated and will be removed in a future release. Please utilize the `width` parameter instead.
2026-01-18 13:44:28.880 The `use_column_width` parameter has been deprecated and will be removed in a future release. Please utilize the `width` parameter instead.
2026-01-18 13:44:28.881 The `use_column_width` parameter has been deprecated and will be removed in a future release. Please utilize the `width` parameter instead.
2026-01-18 13:44:28.923 The `use_column_width` parameter has been deprecated and will be removed in a future release. Please utilize the `width` parameter instead.
2026-01-18 13:44:28.955 The `use_column_width` parameter has been deprecated and will be removed in a future release. Please utilize the `width` parameter instead.
2026-01-18 13:45:14.516 The `use_column_width` parameter has been deprecated and will be removed in a future release. Please utilize the `width` parameter instead.
2026-01-18 13:45:14.543 The `use_column_width` parameter has been deprecated and will be removed in a future release. Please utilize the `width` parameter instead.
2026-01-18 13:45:14.608 The `use_column_width` parameter has been deprecated and will be removed in a future release. Please utilize the `width` parameter instead.
2026-01-18 13:45:14.643 The `use_column_width` parameter has been deprecated and will be removed in a future release. Please utilize the `width` parameter instead.
2026-01-18 13:45:14.709 The `use_column_width` parameter has been deprecated and will be removed in a future release. Please utilize the `width` parameter instead.
2026-01-18 13:45:14.732 The `use_column_width` parameter has been deprecated and will be removed in a future release. Please utilize the `width` parameter instead.
2026-01-18 13:47:10.902 The `use_column_width` parameter has been deprecated and will be removed in a future release. Please utilize the `width` parameter instead.
2026-01-18 13:47:10.924 The `use_column_width` parameter has been deprecated and will be removed in a future release. Please utilize the `width` parameter instead.
2026-01-18 13:47:10.984 The `use_column_width` parameter has been deprecated and will be removed in a future release. Please utilize the `width` parameter instead.
2026-01-18 13:47:11.009 The `use_column_width` parameter has been deprecated and will be removed in a future release. Please utilize the `width` parameter instead.
2026-01-18 13:47:11.059 The `use_column_width` parameter has been deprecated and will be removed in a future release. Please utilize the `width` parameter instead.
2026-01-18 13:47:11.081 The `use_column_width` parameter has been deprecated and will be removed in a future release. Please utilize the `width` parameter instead.
2026-01-18 13:48:09.941 The `use_column_width` parameter has been deprecated and will be removed in a future release. Please utilize the `width` parameter instead.
2026-01-18 13:48:09.964 The `use_column_width` parameter has been deprecated and will be removed in a future release. Please utilize the `width` parameter instead.
2026-01-18 13:48:10.033 The `use_column_width` parameter has been deprecated and will be removed in a future release. Please utilize the `width` parameter instead.
2026-01-18 13:48:10.066 The `use_column_width` parameter has been deprecated and will be removed in a future release. Please utilize the `width` parameter instead.
2026-01-18 13:48:10.127 The `use_column_width` parameter has been deprecated and will be removed in a future release. Please utilize the `width` parameter instead.
2026-01-18 13:48:10.153 The `use_column_width` parameter has been deprecated and will be removed in a future release. Please utilize the `width` parameter instead.
2026-01-18 13:48:14.389 The `use_column_width` parameter has been deprecated and will be removed in a future release. Please utilize the `width` parameter instead.
2026-01-18 13:48:14.412 The `use_column_width` parameter has been deprecated and will be removed in a future release. Please utilize the `width` parameter instead.
2026-01-18 13:48:14.462 The `use_column_width` parameter has been deprecated and will be removed in a future release. Please utilize the `width` parameter instead.
2026-01-18 13:48:14.485 The `use_column_width` parameter has been deprecated and will be removed in a future release. Please utilize the `width` parameter instead.
2026-01-18 13:49:14.512 The `use_column_width` parameter has been deprecated and will be removed in a future release. Please utilize the `width` parameter instead.
2026-01-18 13:49:14.536 The `use_column_width` parameter has been deprecated and will be removed in a future release. Please utilize the `width` parameter instead.
2026-01-18 13:49:14.595 The `use_column_width` parameter has been deprecated and will be removed in a future release. Please utilize the `width` parameter instead.
2026-01-18 13:49:14.623 The `use_column_width` parameter has been deprecated and will be removed in a future release. Please utilize the `width` parameter instead.
2026-01-18 13:49:14.682 The `use_column_width` parameter has been deprecated and will be removed in a future release. Please utilize the `width` parameter instead.
2026-01-18 13:49:14.683 The `use_column_width` parameter has been deprecated and will be removed in a future release. Please utilize the `width` parameter instead.
2026-01-18 13:49:22.697 The `use_column_width` parameter has been deprecated and will be removed in a future release. Please utilize the `width` parameter instead.
2026-01-18 13:49:22.698 The `use_column_width` parameter has been deprecated and will be removed in a future release. Please utilize the `width` parameter instead.
2026-01-18 13:49:22.730 The `use_column_width` parameter has been deprecated and will be removed in a future release. Please utilize the `width` parameter instead.
2026-01-18 13:49:22.732 The `use_column_width` parameter has been deprecated and will be removed in a future release. Please utilize the `width` parameter instead.
2026-01-18 13:50:09.610 The `use_column_width` parameter has been deprecated and will be removed in a future release. Please utilize the `width` parameter instead.
2026-01-18 13:50:09.612 The `use_column_width` parameter has been deprecated and will be removed in a future release. Please utilize the `width` parameter instead.
2026-01-18 13:50:09.698 The `use_column_width` parameter has been deprecated and will be removed in a future release. Please utilize the `width` parameter instead.
2026-01-18 13:50:09.700 The `use_column_width` parameter has been deprecated and will be removed in a future release. Please utilize the `width` parameter instead.
2026-01-18 13:50:09.728 The `use_column_width` parameter has been deprecated and will be removed in a future release. Please utilize the `width` parameter instead.
2026-01-18 13:50:09.729 The `use_column_width` parameter has been deprecated and will be removed in a future release. Please utilize the `width` parameter instead.
2026-01-18 13:50:16.225 The `use_column_width` parameter has been deprecated and will be removed in a future release. Please utilize the `width` parameter instead.
2026-01-18 13:50:16.228 The `use_column_width` parameter has been deprecated and will be removed in a future release. Please utilize the `width` parameter instead.
2026-01-18 13:50:16.256 The `use_column_width` parameter has been deprecated and will be removed in a future release. Please utilize the `width` parameter instead.
2026-01-18 13:50:16.257 The `use_column_width` parameter has been deprecated and will be removed in a future release. Please utilize the `width` parameter instead.
2026-01-18 13:50:18.470 The `use_column_width` parameter has been deprecated and will be removed in a future release. Please utilize the `width` parameter instead.
2026-01-18 13:50:18.471 The `use_column_width` parameter has been deprecated and will be removed in a future release. Please utilize the `width` parameter instead.
2026-01-18 13:50:18.505 The `use_column_width` parameter has been deprecated and will be removed in a future release. Please utilize the `width` parameter instead.
2026-01-18 13:50:18.514 The `use_column_width` parameter has been deprecated and will be removed in a future release. Please utilize the `width` parameter instead.
2026-01-18 13:51:10.178 The `use_column_width` parameter has been deprecated and will be removed in a future release. Please utilize the `width` parameter instead.
2026-01-18 13:51:10.181 The `use_column_width` parameter has been deprecated and will be removed in a future release. Please utilize the `width` parameter instead.
2026-01-18 13:51:10.252 The `use_column_width` parameter has been deprecated and will be removed in a future release. Please utilize the `width` parameter instead.
2026-01-18 13:51:10.253 The `use_column_width` parameter has been deprecated and will be removed in a future release. Please utilize the `width` parameter instead.
2026-01-18 13:51:10.286 The `use_column_width` parameter has been deprecated and will be removed in a future release. Please utilize the `width` parameter instead.
2026-01-18 13:51:10.287 The `use_column_width` parameter has been deprecated and will be removed in a future release. Please utilize the `width` parameter instead.
2026-01-18 13:51:14.470 The `use_column_width` parameter has been deprecated and will be removed in a future release. Please utilize the `width` parameter instead.
2026-01-18 13:51:14.471 The `use_column_width` parameter has been deprecated and will be removed in a future release. Please utilize the `width` parameter instead.
2026-01-18 13:51:14.496 The `use_column_width` parameter has been deprecated and will be removed in a future release. Please utilize the `width` parameter instead.
2026-01-18 13:51:14.498 The `use_column_width` parameter has been deprecated and will be removed in a future release. Please utilize the `width` parameter instead.
2026-01-18 13:51:16.501 The `use_column_width` parameter has been deprecated and will be removed in a future release. Please utilize the `width` parameter instead.
2026-01-18 13:51:16.503 The `use_column_width` parameter has been deprecated and will be removed in a future release. Please utilize the `width` parameter instead.
2026-01-18 13:51:16.534 The `use_column_width` parameter has been deprecated and will be removed in a future release. Please utilize the `width` parameter instead.
2026-01-18 13:51:16.535 The `use_column_width` parameter has been deprecated and will be removed in a future release. Please utilize the `width` parameter instead.
2026-01-18 13:53:36.724 The `use_column_width` parameter has been deprecated and will be removed in a future release. Please utilize the `width` parameter instead.
2026-01-18 13:53:36.727 The `use_column_width` parameter has been deprecated and will be removed in a future release. Please utilize the `width` parameter instead.
2026-01-18 13:53:36.818 The `use_column_width` parameter has been deprecated and will be removed in a future release. Please utilize the `width` parameter instead.
2026-01-18 13:53:36.819 The `use_column_width` parameter has been deprecated and will be removed in a future release. Please utilize the `width` parameter instead.
2026-01-18 13:53:36.855 The `use_column_width` parameter has been deprecated and will be removed in a future release. Please utilize the `width` parameter instead.
2026-01-18 13:53:36.856 The `use_column_width` parameter has been deprecated and will be removed in a future release. Please utilize the `width` parameter instead.
2026-01-18 13:54:37.091 The `use_column_width` parameter has been deprecated and will be removed in a future release. Please utilize the `width` parameter instead.
2026-01-18 13:54:37.091 The `use_column_width` parameter has been deprecated and will be removed in a future release. Please utilize the `width` parameter instead.
2026-01-18 13:54:37.193 The `use_column_width` parameter has been deprecated and will be removed in a future release. Please utilize the `width` parameter instead.
2026-01-18 13:54:37.194 The `use_column_width` parameter has been deprecated and will be removed in a future release. Please utilize the `width` parameter instead.
2026-01-18 13:54:37.236 The `use_column_width` parameter has been deprecated and will be removed in a future release. Please utilize the `width` parameter instead.
2026-01-18 13:54:37.238 The `use_column_width` parameter has been deprecated and will be removed in a future release. Please utilize the `width` parameter instead.
2026-01-18 13:56:29.792 The `use_column_width` parameter has been deprecated and will be removed in a future release. Please utilize the `width` parameter instead.
2026-01-18 13:56:29.794 The `use_column_width` parameter has been deprecated and will be removed in a future release. Please utilize the `width` parameter instead.
2026-01-18 13:56:46.977 The `use_column_width` parameter has been deprecated and will be removed in a future release. Please utilize the `width` parameter instead.
2026-01-18 13:56:46.978 The `use_column_width` parameter has been deprecated and will be removed in a future release. Please utilize the `width` parameter instead.
2026-01-18 13:56:47.071 The `use_column_width` parameter has been deprecated and will be removed in a future release. Please utilize the `width` parameter instead.
2026-01-18 13:56:47.072 The `use_column_width` parameter has been deprecated and will be removed in a future release. Please utilize the `width` parameter instead.
2026-01-18 13:56:47.101 The `use_column_width` parameter has been deprecated and will be removed in a future release. Please utilize the `width` parameter instead.
2026-01-18 13:56:47.102 The `use_column_width` parameter has been deprecated and will be removed in a future release. Please utilize the `width` parameter instead.
2026-01-18 13:57:12.131 The `use_column_width` parameter has been deprecated and will be removed in a future release. Please utilize the `width` parameter instead.
2026-01-18 13:57:12.133 The `use_column_width` parameter has been deprecated and will be removed in a future release. Please utilize the `width` parameter instead.
2026-01-18 13:57:12.183 The `use_column_width` parameter has been deprecated and will be removed in a future release. Please utilize the `width` parameter instead.
2026-01-18 13:57:12.184 The `use_column_width` parameter has been deprecated and will be removed in a future release. Please utilize the `width` parameter instead.
2026-01-18 13:57:12.216 The `use_column_width` parameter has been deprecated and will be removed in a future release. Please utilize the `width` parameter instead.
2026-01-18 13:57:12.217 The `use_column_width` parameter has been deprecated and will be removed in a future release. Please utilize the `width` parameter instead.
2026-01-18 13:57:15.033 The `use_column_width` parameter has been deprecated and will be removed in a future release. Please utilize the `width` parameter instead.
2026-01-18 13:57:15.036 The `use_column_width` parameter has been deprecated and will be removed in a future release. Please utilize the `width` parameter instead.
2026-01-18 13:57:15.069 The `use_column_width` parameter has been deprecated and will be removed in a future release. Please utilize the `width` parameter instead.
2026-01-18 13:57:15.094 The `use_column_width` parameter has been deprecated and will be removed in a future release. Please utilize the `width` parameter instead.
2026-01-18 13:58:47.581 The `use_column_width` parameter has been deprecated and will be removed in a future release. Please utilize the `width` parameter instead.
2026-01-18 13:58:47.605 The `use_column_width` parameter has been deprecated and will be removed in a future release. Please utilize the `width` parameter instead.
2026-01-18 13:59:19.368 The `use_column_width` parameter has been deprecated and will be removed in a future release. Please utilize the `width` parameter instead.
2026-01-18 13:59:19.402 The `use_column_width` parameter has been deprecated and will be removed in a future release. Please utilize the `width` parameter instead.
2026-01-18 13:59:19.478 The `use_column_width` parameter has been deprecated and will be removed in a future release. Please utilize the `width` parameter instead.
2026-01-18 13:59:19.479 The `use_column_width` parameter has been deprecated and will be removed in a future release. Please utilize the `width` parameter instead.
2026-01-18 13:59:39.898 The `use_column_width` parameter has been deprecated and will be removed in a future release. Please utilize the `width` parameter instead.
2026-01-18 13:59:39.900 The `use_column_width` parameter has been deprecated and will be removed in a future release. Please utilize the `width` parameter instead.
2026-01-18 13:59:40.037 The `use_column_width` parameter has been deprecated and will be removed in a future release. Please utilize the `width` parameter instead.
2026-01-18 13:59:40.038 The `use_column_width` parameter has been deprecated and will be removed in a future release. Please utilize the `width` parameter instead.
2026-01-18 13:59:40.091 The `use_column_width` parameter has been deprecated and will be removed in a future release. Please utilize the `width` parameter instead.
2026-01-18 13:59:40.092 The `use_column_width` parameter has been deprecated and will be removed in a future release. Please utilize the `width` parameter instead.
2026-01-18 13:59:55.483 The `use_column_width` parameter has been deprecated and will be removed in a future release. Please utilize the `width` parameter instead.
2026-01-18 13:59:55.485 The `use_column_width` parameter has been deprecated and will be removed in a future release. Please utilize the `width` parameter instead.
2026-01-18 13:59:55.603 The `use_column_width` parameter has been deprecated and will be removed in a future release. Please utilize the `width` parameter instead.
2026-01-18 13:59:55.604 The `use_column_width` parameter has been deprecated and will be removed in a future release. Please utilize the `width` parameter instead.
2026-01-18 13:59:55.640 The `use_column_width` parameter has been deprecated and will be removed in a future release. Please utilize the `width` parameter instead.
2026-01-18 13:59:55.640 The `use_column_width` parameter has been deprecated and will be removed in a future release. Please utilize the `width` parameter instead.
2026-01-18 13:59:57.341 The `use_column_width` parameter has been deprecated and will be removed in a future release. Please utilize the `width` parameter instead.
2026-01-18 13:59:57.343 The `use_column_width` parameter has been deprecated and will be removed in a future release. Please utilize the `width` parameter instead.
2026-01-18 13:59:57.382 The `use_column_width` parameter has been deprecated and will be removed in a future release. Please utilize the `width` parameter instead.
2026-01-18 13:59:57.383 The `use_column_width` parameter has been deprecated and will be removed in a future release. Please utilize the `width` parameter instead.
2026-01-18 13:59:59.441 The `use_column_width` parameter has been deprecated and will be removed in a future release. Please utilize the `width` parameter instead.
2026-01-18 13:59:59.442 The `use_column_width` parameter has been deprecated and will be removed in a future release. Please utilize the `width` parameter instead.
2026-01-18 13:59:59.475 The `use_column_width` parameter has been deprecated and will be removed in a future release. Please utilize the `width` parameter instead.
2026-01-18 13:59:59.476 The `use_column_width` parameter has been deprecated and will be removed in a future release. Please utilize the `width` parameter instead.
2026-01-18 14:00:01.632 The `use_column_width` parameter has been deprecated and will be removed in a future release. Please utilize the `width` parameter instead.
2026-01-18 14:00:01.633 The `use_column_width` parameter has been deprecated and will be removed in a future release. Please utilize the `width` parameter instead.
2026-01-18 14:00:01.662 The `use_column_width` parameter has been deprecated and will be removed in a future release. Please utilize the `width` parameter instead.
2026-01-18 14:00:01.663 The `use_column_width` parameter has been deprecated and will be removed in a future release. Please utilize the `width` parameter instead.
2026-01-18 14:00:05.589 The `use_column_width` parameter has been deprecated and will be removed in a future release. Please utilize the `width` parameter instead.
2026-01-18 14:00:05.590 The `use_column_width` parameter has been deprecated and will be removed in a future release. Please utilize the `width` parameter instead.
2026-01-18 14:00:05.623 The `use_column_width` parameter has been deprecated and will be removed in a future release. Please utilize the `width` parameter instead.
2026-01-18 14:00:05.624 The `use_column_width` parameter has been deprecated and will be removed in a future release. Please utilize the `width` parameter instead.
2026-01-18 14:00:19.193 The `use_column_width` parameter has been deprecated and will be removed in a future release. Please utilize the `width` parameter instead.
2026-01-18 14:00:19.195 The `use_column_width` parameter has been deprecated and will be removed in a future release. Please utilize the `width` parameter instead.
2026-01-18 14:00:19.301 The `use_column_width` parameter has been deprecated and will be removed in a future release. Please utilize the `width` parameter instead.
2026-01-18 14:00:19.302 The `use_column_width` parameter has been deprecated and will be removed in a future release. Please utilize the `width` parameter instead.
2026-01-18 14:00:19.335 The `use_column_width` parameter has been deprecated and will be removed in a future release. Please utilize the `width` parameter instead.
2026-01-18 14:00:19.358 The `use_column_width` parameter has been deprecated and will be removed in a future release. Please utilize the `width` parameter instead.
2026-01-18 14:00:47.059 The `use_column_width` parameter has been deprecated and will be removed in a future release. Please utilize the `width` parameter instead.
2026-01-18 14:00:47.088 The `use_column_width` parameter has been deprecated and will be removed in a future release. Please utilize the `width` parameter instead.
2026-01-18 14:00:47.153 The `use_column_width` parameter has been deprecated and will be removed in a future release. Please utilize the `width` parameter instead.
2026-01-18 14:00:47.177 The `use_column_width` parameter has been deprecated and will be removed in a future release. Please utilize the `width` parameter instead.
2026-01-18 14:00:47.228 The `use_column_width` parameter has been deprecated and will be removed in a future release. Please utilize the `width` parameter instead.
2026-01-18 14:00:47.252 The `use_column_width` parameter has been deprecated and will be removed in a future release. Please utilize the `width` parameter instead.
2026-01-18 14:00:48.301 The `use_column_width` parameter has been deprecated and will be removed in a future release. Please utilize the `width` parameter instead.
2026-01-18 14:00:48.341 The `use_column_width` parameter has been deprecated and will be removed in a future release. Please utilize the `width` parameter instead.
2026-01-18 14:00:48.396 The `use_column_width` parameter has been deprecated and will be removed in a future release. Please utilize the `width` parameter instead.
2026-01-18 14:00:48.398 The `use_column_width` parameter has been deprecated and will be removed in a future release. Please utilize the `width` parameter instead.
2026-01-18 14:02:03.944 The `use_column_width` parameter has been deprecated and will be removed in a future release. Please utilize the `width` parameter instead.
2026-01-18 14:02:03.946 The `use_column_width` parameter has been deprecated and will be removed in a future release. Please utilize the `width` parameter instead.
2026-01-18 14:02:04.051 The `use_column_width` parameter has been deprecated and will be removed in a future release. Please utilize the `width` parameter instead.
2026-01-18 14:02:04.053 The `use_column_width` parameter has been deprecated and will be removed in a future release. Please utilize the `width` parameter instead.
2026-01-18 14:02:04.092 The `use_column_width` parameter has been deprecated and will be removed in a future release. Please utilize the `width` parameter instead.
2026-01-18 14:02:04.116 The `use_column_width` parameter has been deprecated and will be removed in a future release. Please utilize the `width` parameter instead.
2026-01-18 14:02:20.765 The `use_column_width` parameter has been deprecated and will be removed in a future release. Please utilize the `width` parameter instead.
2026-01-18 14:02:20.794 The `use_column_width` parameter has been deprecated and will be removed in a future release. Please utilize the `width` parameter instead.
2026-01-18 14:02:20.844 The `use_column_width` parameter has been deprecated and will be removed in a future release. Please utilize the `width` parameter instead.
2026-01-18 14:02:20.870 The `use_column_width` parameter has been deprecated and will be removed in a future release. Please utilize the `width` parameter instead.
2026-01-18 14:02:20.922 The `use_column_width` parameter has been deprecated and will be removed in a future release. Please utilize the `width` parameter instead.
2026-01-18 14:02:20.947 The `use_column_width` parameter has been deprecated and will be removed in a future release. Please utilize the `width` parameter instead.
2026-01-18 14:02:24.271 The `use_column_width` parameter has been deprecated and will be removed in a future release. Please utilize the `width` parameter instead.
2026-01-18 14:02:24.302 The `use_column_width` parameter has been deprecated and will be removed in a future release. Please utilize the `width` parameter instead.
2026-01-18 14:02:24.374 The `use_column_width` parameter has been deprecated and will be removed in a future release. Please utilize the `width` parameter instead.
2026-01-18 14:02:24.409 The `use_column_width` parameter has been deprecated and will be removed in a future release. Please utilize the `width` parameter instead.
2026-01-18 14:02:26.297 The `use_column_width` parameter has been deprecated and will be removed in a future release. Please utilize the `width` parameter instead.
2026-01-18 14:02:26.327 The `use_column_width` parameter has been deprecated and will be removed in a future release. Please utilize the `width` parameter instead.
2026-01-18 14:02:26.409 The `use_column_width` parameter has been deprecated and will be removed in a future release. Please utilize the `width` parameter instead.
2026-01-18 14:02:26.410 The `use_column_width` parameter has been deprecated and will be removed in a future release. Please utilize the `width` parameter instead.
2026-01-18 14:05:10.562 The `use_column_width` parameter has been deprecated and will be removed in a future release. Please utilize the `width` parameter instead.
2026-01-18 14:05:10.564 The `use_column_width` parameter has been deprecated and will be removed in a future release. Please utilize the `width` parameter instead.
2026-01-18 14:05:10.660 The `use_column_width` parameter has been deprecated and will be removed in a future release. Please utilize the `width` parameter instead.
2026-01-18 14:05:10.661 The `use_column_width` parameter has been deprecated and will be removed in a future release. Please utilize the `width` parameter instead.
2026-01-18 14:05:10.703 The `use_column_width` parameter has been deprecated and will be removed in a future release. Please utilize the `width` parameter instead.
2026-01-18 14:05:10.704 The `use_column_width` parameter has been deprecated and will be removed in a future release. Please utilize the `width` parameter instead.
2026-01-18 14:06:07.547 The `use_column_width` parameter has been deprecated and will be removed in a future release. Please utilize the `width` parameter instead.
2026-01-18 14:06:07.548 The `use_column_width` parameter has been deprecated and will be removed in a future release. Please utilize the `width` parameter instead.
2026-01-18 14:06:07.584 The `use_column_width` parameter has been deprecated and will be removed in a future release. Please utilize the `width` parameter instead.
2026-01-18 14:06:07.586 The `use_column_width` parameter has been deprecated and will be removed in a future release. Please utilize the `width` parameter instead.
2026-01-18 14:06:08.888 The `use_column_width` parameter has been deprecated and will be removed in a future release. Please utilize the `width` parameter instead.
2026-01-18 14:06:08.890 The `use_column_width` parameter has been deprecated and will be removed in a future release. Please utilize the `width` parameter instead.
2026-01-18 14:06:08.927 The `use_column_width` parameter has been deprecated and will be removed in a future release. Please utilize the `width` parameter instead.
2026-01-18 14:06:08.928 The `use_column_width` parameter has been deprecated and will be removed in a future release. Please utilize the `width` parameter instead.
2026-01-18 14:10:03.577 The `use_column_width` parameter has been deprecated and will be removed in a future release. Please utilize the `width` parameter instead.
2026-01-18 14:10:03.580 The `use_column_width` parameter has been deprecated and will be removed in a future release. Please utilize the `width` parameter instead.
2026-01-18 14:10:03.700 The `use_column_width` parameter has been deprecated and will be removed in a future release. Please utilize the `width` parameter instead.
2026-01-18 14:10:03.705 The `use_column_width` parameter has been deprecated and will be removed in a future release. Please utilize the `width` parameter instead.
2026-01-18 14:10:03.746 The `use_column_width` parameter has been deprecated and will be removed in a future release. Please utilize the `width` parameter instead.
2026-01-18 14:10:03.749 The `use_column_width` parameter has been deprecated and will be removed in a future release. Please utilize the `width` parameter instead.
2026-01-18 14:11:12.071 The `use_column_width` parameter has been deprecated and will be removed in a future release. Please utilize the `width` parameter instead.
2026-01-18 14:11:12.075 The `use_column_width` parameter has been deprecated and will be removed in a future release. Please utilize the `width` parameter instead.
2026-01-18 14:11:12.466 The `use_column_width` parameter has been deprecated and will be removed in a future release. Please utilize the `width` parameter instead.
2026-01-18 14:11:12.469 The `use_column_width` parameter has been deprecated and will be removed in a future release. Please utilize the `width` parameter instead.
2026-01-18 14:11:12.516 The `use_column_width` parameter has been deprecated and will be removed in a future release. Please utilize the `width` parameter instead.
2026-01-18 14:11:12.518 The `use_column_width` parameter has been deprecated and will be removed in a future release. Please utilize the `width` parameter instead.
2026-01-18 14:11:14.841 The `use_column_width` parameter has been deprecated and will be removed in a future release. Please utilize the `width` parameter instead.
2026-01-18 14:11:14.844 The `use_column_width` parameter has been deprecated and will be removed in a future release. Please utilize the `width` parameter instead.
2026-01-18 14:11:14.884 The `use_column_width` parameter has been deprecated and will be removed in a future release. Please utilize the `width` parameter instead.
2026-01-18 14:11:14.885 The `use_column_width` parameter has been deprecated and will be removed in a future release. Please utilize the `width` parameter instead.
2026-01-18 14:11:19.321 The `use_column_width` parameter has been deprecated and will be removed in a future release. Please utilize the `width` parameter instead.
2026-01-18 14:11:19.323 The `use_column_width` parameter has been deprecated and will be removed in a future release. Please utilize the `width` parameter instead.
